2013-10-31 10:31:14,217 [main] INFO  org.apache.commons.vfs.impl.DefaultFileReplicator - Using "/var/folders/c8/2qjv1kxj38xc76mz1xclbvkh0000gn/T/vfs_cache" as temporary files store.
2013-10-31 10:31:14,297 [main] INFO  com.com.usergravity.bo.ReadMediaFiles - Processing File: file:///Users/newt/Desktop/cinema/MO0327.csv
2013-10-31 10:31:14,297 [main] INFO  com.com.usergravity.bo.ReadMediaFiles - Processing File: file:///Users/newt/Desktop/cinema/SC0327.csv
2013-10-31 10:31:14,297 [main] INFO  com.com.usergravity.bo.ReadMediaFiles - Processing File: file:///Users/newt/Desktop/cinema/TH0327.csv
2013-10-31 10:34:09,703 [main] INFO  org.apache.commons.vfs.impl.DefaultFileReplicator - Using "/var/folders/c8/2qjv1kxj38xc76mz1xclbvkh0000gn/T/vfs_cache" as temporary files store.
2013-10-31 10:34:09,772 [main] INFO  com.com.usergravity.bo.ReadMediaFiles - Processing File: file:///Users/newt/Desktop/cinema/MO0327.csv
2013-10-31 10:34:09,772 [main] INFO  com.com.usergravity.bo.ReadMediaFiles - Processing File: file:///Users/newt/Desktop/cinema/SC0327.csv
2013-10-31 10:34:09,772 [main] INFO  com.com.usergravity.bo.ReadMediaFiles - Processing File: file:///Users/newt/Desktop/cinema/TH0327.csv
2013-10-31 10:36:56,474 [main] INFO  org.apache.commons.vfs.impl.DefaultFileReplicator - Using "/var/folders/c8/2qjv1kxj38xc76mz1xclbvkh0000gn/T/vfs_cache" as temporary files store.
2013-10-31 10:36:56,542 [main] INFO  com.com.usergravity.bo.ReadMediaFiles - Processing File: file:///Users/newt/Desktop/cinema/MO0327.csv
2013-10-31 10:37:21,141 [main] INFO  org.apache.commons.vfs.impl.DefaultFileReplicator - Using "/var/folders/c8/2qjv1kxj38xc76mz1xclbvkh0000gn/T/vfs_cache" as temporary files store.
2013-10-31 10:37:21,210 [main] INFO  com.com.usergravity.bo.ReadMediaFiles - Processing File: file:///Users/newt/Desktop/cinema/MO0327.csv
2013-10-31 12:28:47,497 [main] INFO  org.apache.commons.vfs.impl.DefaultFileReplicator - Using "/var/folders/c8/2qjv1kxj38xc76mz1xclbvkh0000gn/T/vfs_cache" as temporary files store.
2013-10-31 12:28:47,634 [main] INFO  com.usergravity.bo.ReadMediaFiles - Processing File: file:///Users/newt/Desktop/cinema/MO0327.txt
2013-10-31 12:28:59,616 [main] INFO  org.apache.commons.vfs.impl.DefaultFileReplicator - Using "/var/folders/c8/2qjv1kxj38xc76mz1xclbvkh0000gn/T/vfs_cache" as temporary files store.
2013-10-31 12:28:59,696 [main] INFO  com.usergravity.bo.ReadMediaFiles - Processing File: file:///Users/newt/Desktop/cinema/MO0327.txt
2013-10-31 14:50:36,756 [main] INFO  org.apache.commons.vfs.impl.DefaultFileReplicator - Using "/var/folders/c8/2qjv1kxj38xc76mz1xclbvkh0000gn/T/vfs_cache" as temporary files store.
2013-10-31 14:50:36,837 [main] INFO  com.usergravity.bo.ReadMediaFiles - Processing File: file:///Users/newt/Desktop/cinema/MO0327.txt
2013-10-31 14:54:58,384 [main] INFO  org.apache.commons.vfs.impl.DefaultFileReplicator - Using "/var/folders/c8/2qjv1kxj38xc76mz1xclbvkh0000gn/T/vfs_cache" as temporary files store.
2013-10-31 14:54:58,466 [main] INFO  com.usergravity.bo.ReadMediaFiles - Processing File: file:///Users/newt/Desktop/cinema/MO0327.txt
2013-10-31 16:46:19,669 [main] INFO  org.apache.commons.vfs.impl.DefaultFileReplicator - Using "/var/folders/c8/2qjv1kxj38xc76mz1xclbvkh0000gn/T/vfs_cache" as temporary files store.
2013-10-31 16:46:19,819 [main] INFO  com.usergravity.bo.ReadMediaFiles - Processing File: file:///Users/newt/Desktop/cinema/MO0327.txt
2013-10-31 16:46:23,306 [main] INFO  org.apache.commons.vfs.impl.DefaultFileReplicator - Using "/var/folders/c8/2qjv1kxj38xc76mz1xclbvkh0000gn/T/vfs_cache" as temporary files store.
2013-10-31 16:46:23,388 [main] INFO  com.usergravity.bo.ReadMediaFiles - Processing File: file:///Users/newt/Desktop/cinema/MO0327.txt
2013-10-31 16:49:19,880 [main] INFO  org.apache.commons.vfs.impl.DefaultFileReplicator - Using "/var/folders/c8/2qjv1kxj38xc76mz1xclbvkh0000gn/T/vfs_cache" as temporary files store.
2013-10-31 16:49:19,983 [main] INFO  com.usergravity.bo.ReadMediaFiles - Processing File: file:///Users/newt/Desktop/cinema/MO0327.txt
2013-10-31 16:50:23,634 [main] INFO  org.apache.commons.vfs.impl.DefaultFileReplicator - Using "/var/folders/c8/2qjv1kxj38xc76mz1xclbvkh0000gn/T/vfs_cache" as temporary files store.
2013-10-31 16:50:23,762 [main] INFO  com.usergravity.bo.ReadMediaFiles - Processing File: file:///Users/newt/Desktop/cinema/MO0327.txt
2013-10-31 16:51:48,093 [main] INFO  org.apache.commons.vfs.impl.DefaultFileReplicator - Using "/var/folders/c8/2qjv1kxj38xc76mz1xclbvkh0000gn/T/vfs_cache" as temporary files store.
2013-10-31 16:51:48,348 [main] INFO  com.usergravity.bo.ReadMediaFiles - Processing File: file:///Users/newt/Desktop/cinema/MO0327.txt
2013-10-31 16:52:11,795 [main] INFO  org.apache.commons.vfs.impl.DefaultFileReplicator - Using "/var/folders/c8/2qjv1kxj38xc76mz1xclbvkh0000gn/T/vfs_cache" as temporary files store.
2013-10-31 16:52:11,877 [main] INFO  com.usergravity.bo.ReadMediaFiles - Processing File: file:///Users/newt/Desktop/cinema/MO0327.txt
2013-11-11 10:06:53,600 [main] INFO  org.apache.commons.vfs.impl.DefaultFileReplicator - Using "/var/folders/c8/2qjv1kxj38xc76mz1xclbvkh0000gn/T/vfs_cache" as temporary files store.
2013-11-11 10:06:54,215 [main] INFO  com.usergravity.bo.ReadMediaFiles - Processing File: file:///Users/newt/Desktop/cinema/MO0327.txt
2013-11-11 10:06:54,409 [main] ERROR Main - main
java.text.ParseException: Unparseable date: "Relativity Media"
	at java.text.DateFormat.parse(DateFormat.java:337)
	at com.usergravity.bo.ReadMediaFiles.stringToDate(ReadMediaFiles.java:139)
	at com.usergravity.bo.ReadMediaFiles.addMovieToList(ReadMediaFiles.java:108)
	at com.usergravity.bo.ReadMediaFiles.loadMovies(ReadMediaFiles.java:72)
	at com.usergravity.bo.ReadMediaFiles.processFolder(ReadMediaFiles.java:47)
	at Main.main(Main.java:23)
	at sun.reflect.NativeMethodAccessorImpl.invoke0(Native Method)
	at sun.reflect.NativeMethodAccessorImpl.invoke(NativeMethodAccessorImpl.java:39)
	at sun.reflect.DelegatingMethodAccessorImpl.invoke(DelegatingMethodAccessorImpl.java:25)
	at java.lang.reflect.Method.invoke(Method.java:597)
	at com.intellij.rt.execution.application.AppMain.main(AppMain.java:120)
2013-11-11 10:07:09,301 [main] INFO  org.apache.commons.vfs.impl.DefaultFileReplicator - Using "/var/folders/c8/2qjv1kxj38xc76mz1xclbvkh0000gn/T/vfs_cache" as temporary files store.
2013-11-11 10:07:09,499 [main] INFO  com.usergravity.bo.ReadMediaFiles - Processing File: file:///Users/newt/Desktop/cinema/MO0327.txt
2013-11-11 10:07:36,671 [main] INFO  org.apache.commons.vfs.impl.DefaultFileReplicator - Using "/var/folders/c8/2qjv1kxj38xc76mz1xclbvkh0000gn/T/vfs_cache" as temporary files store.
2013-11-11 10:07:36,785 [main] INFO  com.usergravity.bo.ReadMediaFiles - Processing File: file:///Users/newt/Desktop/cinema/MO0327.txt
2013-11-11 10:11:38,871 [main] INFO  org.apache.commons.vfs.impl.DefaultFileReplicator - Using "/var/folders/c8/2qjv1kxj38xc76mz1xclbvkh0000gn/T/vfs_cache" as temporary files store.
2013-11-11 10:11:39,017 [main] INFO  com.usergravity.bo.ReadMediaFiles - Processing File: file:///Users/newt/Desktop/cinema/MO0327.txt
2013-11-11 10:18:26,922 [main] INFO  org.apache.commons.vfs.impl.DefaultFileReplicator - Using "/var/folders/c8/2qjv1kxj38xc76mz1xclbvkh0000gn/T/vfs_cache" as temporary files store.
2013-11-11 10:18:27,098 [main] INFO  com.usergravity.bo.ReadMediaFiles - Processing File: file:///Users/newt/Desktop/cinema/MO0327.txt
2013-11-11 10:34:47,712 [main] INFO  org.apache.commons.vfs.impl.DefaultFileReplicator - Using "/var/folders/c8/2qjv1kxj38xc76mz1xclbvkh0000gn/T/vfs_cache" as temporary files store.
2013-11-11 10:34:48,171 [main] INFO  com.usergravity.bo.ReadMediaFiles - Processing File: file:///Users/newt/Desktop/cinema/MO0327.txt
2013-11-11 10:34:48,248 [main] ERROR Main - main
java.lang.IllegalStateException: No match found
	at java.util.regex.Matcher.group(Matcher.java:468)
	at com.usergravity.bo.ReadMediaFiles.stringToDate(ReadMediaFiles.java:144)
	at com.usergravity.bo.ReadMediaFiles.addMovieToList(ReadMediaFiles.java:110)
	at com.usergravity.bo.ReadMediaFiles.loadMovies(ReadMediaFiles.java:74)
	at com.usergravity.bo.ReadMediaFiles.processFolder(ReadMediaFiles.java:49)
	at Main.main(Main.java:23)
2013-11-11 10:35:23,917 [main] INFO  org.apache.commons.vfs.impl.DefaultFileReplicator - Using "/var/folders/c8/2qjv1kxj38xc76mz1xclbvkh0000gn/T/vfs_cache" as temporary files store.
2013-11-11 10:35:24,056 [main] INFO  com.usergravity.bo.ReadMediaFiles - Processing File: file:///Users/newt/Desktop/cinema/MO0327.txt
2013-11-11 10:36:56,810 [main] INFO  org.apache.commons.vfs.impl.DefaultFileReplicator - Using "/var/folders/c8/2qjv1kxj38xc76mz1xclbvkh0000gn/T/vfs_cache" as temporary files store.
2013-11-11 10:36:56,956 [main] INFO  com.usergravity.bo.ReadMediaFiles - Processing File: file:///Users/newt/Desktop/cinema/MO0327.txt
2013-11-11 10:37:38,731 [main] INFO  org.apache.commons.vfs.impl.DefaultFileReplicator - Using "/var/folders/c8/2qjv1kxj38xc76mz1xclbvkh0000gn/T/vfs_cache" as temporary files store.
2013-11-11 10:37:38,812 [main] INFO  com.usergravity.bo.ReadMediaFiles - Processing File: file:///Users/newt/Desktop/cinema/MO0327.txt
2013-11-11 10:37:52,134 [main] ERROR Main - main
java.lang.IllegalStateException: No match found
	at java.util.regex.Matcher.group(Matcher.java:468)
	at com.usergravity.bo.ReadMediaFiles.stringToDate(ReadMediaFiles.java:144)
	at com.usergravity.bo.ReadMediaFiles.addMovieToList(ReadMediaFiles.java:110)
	at com.usergravity.bo.ReadMediaFiles.loadMovies(ReadMediaFiles.java:74)
	at com.usergravity.bo.ReadMediaFiles.processFolder(ReadMediaFiles.java:49)
	at Main.main(Main.java:23)
2013-11-11 10:37:59,648 [main] INFO  org.apache.commons.vfs.impl.DefaultFileReplicator - Using "/var/folders/c8/2qjv1kxj38xc76mz1xclbvkh0000gn/T/vfs_cache" as temporary files store.
2013-11-11 10:37:59,736 [main] INFO  com.usergravity.bo.ReadMediaFiles - Processing File: file:///Users/newt/Desktop/cinema/MO0327.txt
2013-11-11 10:37:59,740 [main] ERROR Main - main
java.lang.IllegalStateException: No match found
	at java.util.regex.Matcher.group(Matcher.java:468)
	at com.usergravity.bo.ReadMediaFiles.stringToDate(ReadMediaFiles.java:144)
	at com.usergravity.bo.ReadMediaFiles.addMovieToList(ReadMediaFiles.java:110)
	at com.usergravity.bo.ReadMediaFiles.loadMovies(ReadMediaFiles.java:74)
	at com.usergravity.bo.ReadMediaFiles.processFolder(ReadMediaFiles.java:49)
	at Main.main(Main.java:23)
2013-11-11 10:38:10,592 [main] INFO  org.apache.commons.vfs.impl.DefaultFileReplicator - Using "/var/folders/c8/2qjv1kxj38xc76mz1xclbvkh0000gn/T/vfs_cache" as temporary files store.
2013-11-11 10:38:10,685 [main] INFO  com.usergravity.bo.ReadMediaFiles - Processing File: file:///Users/newt/Desktop/cinema/MO0327.txt
2013-11-11 10:38:10,690 [main] ERROR Main - main
java.lang.IllegalStateException: No match found
	at java.util.regex.Matcher.group(Matcher.java:468)
	at com.usergravity.bo.ReadMediaFiles.stringToDate(ReadMediaFiles.java:144)
	at com.usergravity.bo.ReadMediaFiles.addMovieToList(ReadMediaFiles.java:110)
	at com.usergravity.bo.ReadMediaFiles.loadMovies(ReadMediaFiles.java:74)
	at com.usergravity.bo.ReadMediaFiles.processFolder(ReadMediaFiles.java:49)
	at Main.main(Main.java:23)
2013-11-11 10:38:15,895 [main] INFO  org.apache.commons.vfs.impl.DefaultFileReplicator - Using "/var/folders/c8/2qjv1kxj38xc76mz1xclbvkh0000gn/T/vfs_cache" as temporary files store.
2013-11-11 10:38:15,979 [main] INFO  com.usergravity.bo.ReadMediaFiles - Processing File: file:///Users/newt/Desktop/cinema/MO0327.txt
2013-11-11 10:42:19,618 [main] INFO  org.apache.commons.vfs.impl.DefaultFileReplicator - Using "/var/folders/c8/2qjv1kxj38xc76mz1xclbvkh0000gn/T/vfs_cache" as temporary files store.
2013-11-11 10:42:20,409 [main] INFO  com.usergravity.bo.ReadMediaFiles - Processing File: file:///Users/newt/Desktop/cinema/MO0327.txt
2013-11-11 10:43:27,792 [main] INFO  org.apache.commons.vfs.impl.DefaultFileReplicator - Using "/var/folders/c8/2qjv1kxj38xc76mz1xclbvkh0000gn/T/vfs_cache" as temporary files store.
2013-11-11 10:43:27,912 [main] INFO  com.usergravity.bo.ReadMediaFiles - Processing File: file:///Users/newt/Desktop/cinema/MO0327.txt
2013-11-11 10:45:33,931 [main] INFO  org.apache.commons.vfs.impl.DefaultFileReplicator - Using "/var/folders/c8/2qjv1kxj38xc76mz1xclbvkh0000gn/T/vfs_cache" as temporary files store.
2013-11-11 10:45:34,192 [main] INFO  com.usergravity.bo.ReadMediaFiles - Processing File: file:///Users/newt/Desktop/cinema/MO0327.txt
2013-11-11 10:46:07,830 [main] INFO  org.apache.commons.vfs.impl.DefaultFileReplicator - Using "/var/folders/c8/2qjv1kxj38xc76mz1xclbvkh0000gn/T/vfs_cache" as temporary files store.
2013-11-11 10:46:07,912 [main] INFO  com.usergravity.bo.ReadMediaFiles - Processing File: file:///Users/newt/Desktop/cinema/MO0327.txt
2013-11-11 10:50:44,594 [main] INFO  org.apache.commons.vfs.impl.DefaultFileReplicator - Using "/var/folders/c8/2qjv1kxj38xc76mz1xclbvkh0000gn/T/vfs_cache" as temporary files store.
2013-11-11 10:50:44,680 [main] INFO  com.usergravity.bo.ReadMediaFiles - Processing File: file:///Users/newt/Desktop/cinema/MO0327.txt
2013-11-11 10:51:24,007 [main] ERROR Main - main
java.lang.IllegalStateException: No match found
	at java.util.regex.Matcher.group(Matcher.java:468)
	at com.usergravity.bo.ReadMediaFiles.stringToDate(ReadMediaFiles.java:144)
	at com.usergravity.bo.ReadMediaFiles.addMovieToList(ReadMediaFiles.java:110)
	at com.usergravity.bo.ReadMediaFiles.loadMovies(ReadMediaFiles.java:74)
	at com.usergravity.bo.ReadMediaFiles.processFolder(ReadMediaFiles.java:49)
	at Main.main(Main.java:23)
2013-11-11 10:51:54,544 [main] INFO  org.apache.commons.vfs.impl.DefaultFileReplicator - Using "/var/folders/c8/2qjv1kxj38xc76mz1xclbvkh0000gn/T/vfs_cache" as temporary files store.
2013-11-11 10:51:54,636 [main] INFO  com.usergravity.bo.ReadMediaFiles - Processing File: file:///Users/newt/Desktop/cinema/MO0327.txt
2013-11-11 10:52:18,475 [main] INFO  org.apache.commons.vfs.impl.DefaultFileReplicator - Using "/var/folders/c8/2qjv1kxj38xc76mz1xclbvkh0000gn/T/vfs_cache" as temporary files store.
2013-11-11 10:52:18,558 [main] INFO  com.usergravity.bo.ReadMediaFiles - Processing File: file:///Users/newt/Desktop/cinema/MO0327.txt
2013-11-11 10:52:25,468 [main] INFO  org.apache.commons.vfs.impl.DefaultFileReplicator - Using "/var/folders/c8/2qjv1kxj38xc76mz1xclbvkh0000gn/T/vfs_cache" as temporary files store.
2013-11-11 10:52:25,552 [main] INFO  com.usergravity.bo.ReadMediaFiles - Processing File: file:///Users/newt/Desktop/cinema/MO0327.txt
2013-11-11 10:54:05,847 [main] INFO  org.apache.commons.vfs.impl.DefaultFileReplicator - Using "/var/folders/c8/2qjv1kxj38xc76mz1xclbvkh0000gn/T/vfs_cache" as temporary files store.
2013-11-11 10:54:05,968 [main] INFO  com.usergravity.bo.ReadMediaFiles - Processing File: file:///Users/newt/Desktop/cinema/MO0327.txt
2013-11-11 10:55:48,645 [main] INFO  org.apache.commons.vfs.impl.DefaultFileReplicator - Using "/var/folders/c8/2qjv1kxj38xc76mz1xclbvkh0000gn/T/vfs_cache" as temporary files store.
2013-11-11 10:55:48,944 [main] INFO  com.usergravity.bo.ReadMediaFiles - Processing File: file:///Users/newt/Desktop/cinema/MO0327.txt
2013-11-11 10:59:39,272 [main] INFO  org.apache.commons.vfs.impl.DefaultFileReplicator - Using "/var/folders/c8/2qjv1kxj38xc76mz1xclbvkh0000gn/T/vfs_cache" as temporary files store.
2013-11-11 10:59:39,569 [main] INFO  com.usergravity.bo.ReadMediaFiles - Processing File: file:///Users/newt/Desktop/cinema/MO0327.txt
2013-11-11 11:01:26,389 [main] INFO  org.apache.commons.vfs.impl.DefaultFileReplicator - Using "/var/folders/c8/2qjv1kxj38xc76mz1xclbvkh0000gn/T/vfs_cache" as temporary files store.
2013-11-11 11:01:26,678 [main] INFO  com.usergravity.bo.ReadMediaFiles - Processing File: file:///Users/newt/Desktop/cinema/MO0327.txt
2013-11-11 11:04:04,738 [main] INFO  org.apache.commons.vfs.impl.DefaultFileReplicator - Using "/var/folders/c8/2qjv1kxj38xc76mz1xclbvkh0000gn/T/vfs_cache" as temporary files store.
2013-11-11 11:04:04,844 [main] INFO  com.usergravity.bo.ReadMediaFiles - Processing File: file:///Users/newt/Desktop/cinema/MO0327.txt
2013-11-11 11:05:05,995 [main] INFO  org.apache.commons.vfs.impl.DefaultFileReplicator - Using "/var/folders/c8/2qjv1kxj38xc76mz1xclbvkh0000gn/T/vfs_cache" as temporary files store.
2013-11-11 11:05:06,131 [main] INFO  com.usergravity.bo.ReadMediaFiles - Processing File: file:///Users/newt/Desktop/cinema/MO0327.txt
2013-11-11 11:08:12,260 [main] INFO  org.apache.commons.vfs.impl.DefaultFileReplicator - Using "/var/folders/c8/2qjv1kxj38xc76mz1xclbvkh0000gn/T/vfs_cache" as temporary files store.
2013-11-11 11:08:12,360 [main] INFO  com.usergravity.bo.ReadMediaFiles - Processing File: file:///Users/newt/Desktop/cinema/MO0327.txt
2013-11-11 11:09:39,935 [main] INFO  org.apache.commons.vfs.impl.DefaultFileReplicator - Using "/var/folders/c8/2qjv1kxj38xc76mz1xclbvkh0000gn/T/vfs_cache" as temporary files store.
2013-11-11 11:09:40,037 [main] INFO  com.usergravity.bo.ReadMediaFiles - Processing File: file:///Users/newt/Desktop/cinema/MO0327.txt
2013-11-11 11:14:01,728 [main] INFO  org.apache.commons.vfs.impl.DefaultFileReplicator - Using "/var/folders/c8/2qjv1kxj38xc76mz1xclbvkh0000gn/T/vfs_cache" as temporary files store.
2013-11-11 11:14:02,036 [main] INFO  com.usergravity.bo.ReadMediaFiles - Processing File: file:///Users/newt/Desktop/cinema/MO0327.txt
2013-11-11 11:15:52,634 [main] INFO  org.apache.commons.vfs.impl.DefaultFileReplicator - Using "/var/folders/c8/2qjv1kxj38xc76mz1xclbvkh0000gn/T/vfs_cache" as temporary files store.
2013-11-11 11:15:52,788 [main] INFO  com.usergravity.bo.ReadMediaFiles - Processing File: file:///Users/newt/Desktop/cinema/MO0327.txt
2013-11-11 11:19:25,811 [main] INFO  org.apache.commons.vfs.impl.DefaultFileReplicator - Using "/var/folders/c8/2qjv1kxj38xc76mz1xclbvkh0000gn/T/vfs_cache" as temporary files store.
2013-11-11 11:19:25,932 [main] INFO  com.usergravity.bo.ReadMediaFiles - Processing File: file:///Users/newt/Desktop/cinema/MO0327.txt
2013-11-11 11:19:30,894 [main] INFO  org.apache.commons.vfs.impl.DefaultFileReplicator - Using "/var/folders/c8/2qjv1kxj38xc76mz1xclbvkh0000gn/T/vfs_cache" as temporary files store.
2013-11-11 11:19:30,977 [main] INFO  com.usergravity.bo.ReadMediaFiles - Processing File: file:///Users/newt/Desktop/cinema/MO0327.txt
2013-11-12 17:11:26,151 [main] INFO  org.apache.commons.vfs.impl.DefaultFileReplicator - Using "/var/folders/c8/2qjv1kxj38xc76mz1xclbvkh0000gn/T/vfs_cache" as temporary files store.
2013-11-12 17:11:26,363 [main] INFO  com.usergravity.bo.ReadMediaFiles - Processing File: file:///Users/newt/Desktop/cinema/MO0327.txt
2013-11-12 17:11:26,437 [main] ERROR Main - main
java.lang.ArrayIndexOutOfBoundsException: 29
	at com.usergravity.bo.ReadMediaFiles.addMovieToList(ReadMediaFiles.java:112)
	at com.usergravity.bo.ReadMediaFiles.loadMovies(ReadMediaFiles.java:75)
	at com.usergravity.bo.ReadMediaFiles.processFolder(ReadMediaFiles.java:50)
	at Main.main(Main.java:27)
	at sun.reflect.NativeMethodAccessorImpl.invoke0(Native Method)
	at sun.reflect.NativeMethodAccessorImpl.invoke(NativeMethodAccessorImpl.java:39)
	at sun.reflect.DelegatingMethodAccessorImpl.invoke(DelegatingMethodAccessorImpl.java:25)
	at java.lang.reflect.Method.invoke(Method.java:597)
	at com.intellij.rt.execution.application.AppMain.main(AppMain.java:120)
2013-11-12 17:13:09,823 [main] INFO  org.apache.commons.vfs.impl.DefaultFileReplicator - Using "/var/folders/c8/2qjv1kxj38xc76mz1xclbvkh0000gn/T/vfs_cache" as temporary files store.
2013-11-12 17:13:10,075 [main] INFO  com.usergravity.bo.ReadMediaFiles - Processing File: file:///Users/newt/Desktop/cinema/MO0327.txt
2013-11-12 17:13:10,128 [main] ERROR Main - main
java.lang.ArrayIndexOutOfBoundsException: 29
	at com.usergravity.bo.ReadMediaFiles.addMovieToList(ReadMediaFiles.java:112)
	at com.usergravity.bo.ReadMediaFiles.loadMovies(ReadMediaFiles.java:75)
	at com.usergravity.bo.ReadMediaFiles.processFolder(ReadMediaFiles.java:50)
	at Main.main(Main.java:27)
2013-11-12 17:13:50,506 [main] INFO  org.apache.commons.vfs.impl.DefaultFileReplicator - Using "/var/folders/c8/2qjv1kxj38xc76mz1xclbvkh0000gn/T/vfs_cache" as temporary files store.
2013-11-12 17:13:54,010 [main] INFO  com.usergravity.bo.ReadMediaFiles - Processing File: file:///Users/newt/Desktop/cinema/MO0327.txt
2013-11-12 17:14:32,954 [main] INFO  org.apache.commons.vfs.impl.DefaultFileReplicator - Using "/var/folders/c8/2qjv1kxj38xc76mz1xclbvkh0000gn/T/vfs_cache" as temporary files store.
2013-11-12 17:14:34,489 [main] INFO  com.usergravity.bo.ReadMediaFiles - Processing File: file:///Users/newt/Desktop/cinema/MO0327.txt
2013-11-12 17:16:19,884 [main] ERROR Main - main
java.lang.ArrayIndexOutOfBoundsException: 29
	at com.usergravity.bo.ReadMediaFiles.addMovieToList(ReadMediaFiles.java:112)
	at com.usergravity.bo.ReadMediaFiles.loadMovies(ReadMediaFiles.java:75)
	at com.usergravity.bo.ReadMediaFiles.processFolder(ReadMediaFiles.java:50)
	at Main.main(Main.java:27)
2013-11-12 17:45:20,011 [main] INFO  org.apache.commons.vfs.impl.DefaultFileReplicator - Using "/var/folders/c8/2qjv1kxj38xc76mz1xclbvkh0000gn/T/vfs_cache" as temporary files store.
2013-11-12 17:45:20,146 [main] INFO  com.usergravity.bo.ReadMediaFiles - Processing File: file:///Users/newt/Desktop/cinema/MO0327.txt
2013-11-12 17:46:19,228 [main] INFO  org.apache.commons.vfs.impl.DefaultFileReplicator - Using "/var/folders/c8/2qjv1kxj38xc76mz1xclbvkh0000gn/T/vfs_cache" as temporary files store.
2013-11-12 17:46:19,299 [main] INFO  com.usergravity.bo.ReadMediaFiles - Processing File: file:///Users/newt/Desktop/cinema/MO0327.txt
2013-11-12 17:46:35,670 [main] INFO  org.apache.commons.vfs.impl.DefaultFileReplicator - Using "/var/folders/c8/2qjv1kxj38xc76mz1xclbvkh0000gn/T/vfs_cache" as temporary files store.
2013-11-12 17:46:35,749 [main] INFO  com.usergravity.bo.ReadMediaFiles - Processing File: file:///Users/newt/Desktop/cinema/MO0327.txt
2013-11-12 17:47:44,052 [main] INFO  org.apache.commons.vfs.impl.DefaultFileReplicator - Using "/var/folders/c8/2qjv1kxj38xc76mz1xclbvkh0000gn/T/vfs_cache" as temporary files store.
2013-11-12 17:47:44,121 [main] INFO  com.usergravity.bo.ReadMediaFiles - Processing File: file:///Users/newt/Desktop/cinema/MO0327.txt
2013-11-12 17:47:49,644 [main] INFO  org.apache.commons.vfs.impl.DefaultFileReplicator - Using "/var/folders/c8/2qjv1kxj38xc76mz1xclbvkh0000gn/T/vfs_cache" as temporary files store.
2013-11-12 17:47:49,726 [main] INFO  com.usergravity.bo.ReadMediaFiles - Processing File: file:///Users/newt/Desktop/cinema/MO0327.txt
2013-11-12 17:49:00,240 [main] INFO  org.apache.commons.vfs.impl.DefaultFileReplicator - Using "/var/folders/c8/2qjv1kxj38xc76mz1xclbvkh0000gn/T/vfs_cache" as temporary files store.
2013-11-12 17:49:00,324 [main] INFO  com.usergravity.bo.ReadMediaFiles - Processing File: file:///Users/newt/Desktop/cinema/MO0327.txt
2013-11-12 17:49:36,970 [main] ERROR Main - main
java.lang.NullPointerException
	at java.util.Hashtable.put(Hashtable.java:394)
	at com.jskrepnek.almonds.ParseObject.put(ParseObject.java:437)
	at com.usergravity.bo.UploadMediaData.loadMediaData(UploadMediaData.java:29)
	at Main.main(Main.java:29)
2013-11-12 17:51:04,173 [main] INFO  org.apache.commons.vfs.impl.DefaultFileReplicator - Using "/var/folders/c8/2qjv1kxj38xc76mz1xclbvkh0000gn/T/vfs_cache" as temporary files store.
2013-11-12 17:51:04,306 [main] INFO  com.usergravity.bo.ReadMediaFiles - Processing File: file:///Users/newt/Desktop/cinema/MO0327.txt
2013-11-12 17:52:01,711 [main] INFO  org.apache.commons.vfs.impl.DefaultFileReplicator - Using "/var/folders/c8/2qjv1kxj38xc76mz1xclbvkh0000gn/T/vfs_cache" as temporary files store.
2013-11-12 17:52:01,792 [main] INFO  com.usergravity.bo.ReadMediaFiles - Processing File: file:///Users/newt/Desktop/cinema/MO0327.txt
2013-11-12 18:40:44,865 [main] INFO  org.apache.commons.vfs.impl.DefaultFileReplicator - Using "/var/folders/c8/2qjv1kxj38xc76mz1xclbvkh0000gn/T/vfs_cache" as temporary files store.
2013-11-12 18:40:45,073 [main] INFO  com.usergravity.bo.ReadMediaFiles - Processing File: file:///Users/newt/Desktop/cinema/MO0327.txt
2013-11-12 18:40:58,635 [main] INFO  org.apache.commons.vfs.impl.DefaultFileReplicator - Using "/var/folders/c8/2qjv1kxj38xc76mz1xclbvkh0000gn/T/vfs_cache" as temporary files store.
2013-11-12 18:40:58,705 [main] INFO  com.usergravity.bo.ReadMediaFiles - Processing File: file:///Users/newt/Desktop/cinema/MO0327.txt
2013-11-12 18:42:58,125 [main] INFO  org.apache.commons.vfs.impl.DefaultFileReplicator - Using "/var/folders/c8/2qjv1kxj38xc76mz1xclbvkh0000gn/T/vfs_cache" as temporary files store.
2013-11-12 18:42:58,249 [main] INFO  com.usergravity.bo.ReadMediaFiles - Processing File: file:///Users/newt/Desktop/cinema/MO0327.txt
